2026-05-29 11:37:35,882 | INFO | train | STEP 1/11: Config loaded from configs/training_unet.yaml
2026-05-29 11:37:35,899 | INFO | train | Random seed set to 42
2026-05-29 11:37:35,901 | INFO | train | STEP 2/11: Paths and training config parsed
2026-05-29 11:37:35,903 | INFO | train | train_csv_path=data_full/stage_1_train_images.csv
2026-05-29 11:37:35,905 | INFO | train | test_csv_path=data_full/stage_1_test_images.csv
2026-05-29 11:37:35,907 | INFO | train | images_dir=data_full/png_images
2026-05-29 11:37:35,909 | INFO | train | masks_dir=data_full/png_masks
2026-05-29 11:37:35,911 | INFO | train | artifacts_dir=artifacts/unet_positive_tversky
2026-05-29 11:37:35,917 | INFO | train | model_name=unet | requested_device=cuda | epochs=200 | batch_size=8
2026-05-29 11:37:35,919 | INFO | train | positive_only=True | min_mask_coverage=0.005000 | loss_name=tversky
2026-05-29 11:37:35,921 | INFO | train | STEP 3/11: Building train/val dataframe...
2026-05-29 11:38:06,379 | INFO | train | train_val positive_only filter applied: 2422 -> 1107 rows
2026-05-29 11:38:06,382 | INFO | train | Train/val dataframe built successfully. Rows after filtering: 1107
2026-05-29 11:38:06,384 | INFO | train | Train/val dataset summary: {'num_samples': 1107, 'num_positive': 1107, 'num_negative': 0, 'positive_ratio': 1.0}
2026-05-29 11:38:06,386 | INFO | train | STEP 4/11: Building external test dataframe...
2026-05-29 11:38:11,624 | INFO | train | test positive_only filter applied: 1291 -> 209 rows
2026-05-29 11:38:11,626 | INFO | train | External test dataframe built successfully. Rows after filtering: 209
2026-05-29 11:38:11,632 | INFO | train | External test summary: {'num_samples': 209, 'num_positive': 209, 'num_negative': 0, 'positive_ratio': 1.0}
2026-05-29 11:38:11,634 | INFO | train | STEP 5/11: Splitting train_csv into train/val only...
2026-05-29 11:38:11,640 | INFO | train | Split created: train=940 | val=167 | test=209
2026-05-29 11:38:11,647 | INFO | train | STEP 6/11: Creating Dataset objects...
2026-05-29 11:38:11,649 | INFO | train | Datasets ready: train=940 | val=167 | test=209
2026-05-29 11:38:11,651 | INFO | train | STEP 7/11: Creating model...
2026-05-29 11:38:11,815 | INFO | train | STEP 8/11: Creating DataLoaders...
2026-05-29 11:38:11,817 | INFO | train | DataLoaders ready. train_batches=118 | val_batches=21 | test_batches=27
2026-05-29 11:38:12,091 | INFO | train | Model created and moved to device: cuda
2026-05-29 11:38:12,093 | INFO | train | STEP 9/11: Starting training loop...
2026-05-29 11:38:12,095 | INFO | train | Training params: loss=tversky | lr=0.0001 | mixed_precision=True
2026-05-29 12:21:10,443 | INFO | train | Training loop finished. History saved to artifacts/unet_positive_tversky/metrics/history_unet.csv
2026-05-29 12:21:10,447 | INFO | train | Loading best checkpoint from artifacts/unet_positive_tversky/models/best_unet.pt for final evaluation...
2026-05-29 12:22:20,384 | INFO | train | Best threshold selected on validation: 0.1000
2026-05-29 12:22:20,390 | INFO | train | STEP 10/11: Evaluating best checkpoint on val/test with selected threshold...
2026-05-29 12:22:38,639 | INFO | train | Validation metrics: {'all': {'count': 167, 'dice': 0.482369836332507, 'iou': 0.3449106306793678}, 'positive_only': {'count': 167, 'dice': 0.482369836332507, 'iou': 0.3449106306793678}, 'negative_only': {'count': 0, 'dice': None, 'iou': None}}
2026-05-29 12:22:38,642 | INFO | train | Test metrics: {'all': {'count': 209, 'dice': 0.4256598377550116, 'iou': 0.29855976118543975}, 'positive_only': {'count': 209, 'dice': 0.4256598377550116, 'iou': 0.29855976118543975}, 'negative_only': {'count': 0, 'dice': None, 'iou': None}}
2026-05-29 12:22:42,675 | INFO | train | STEP 11/11: Saving split CSV files and figures...
2026-05-29 12:22:44,678 | INFO | train | Training finished. Best model saved to artifacts/unet_positive_tversky/models/best_unet.pt
2026-05-29 12:22:44,681 | INFO | train | Figures saved to artifacts/unet_positive_tversky/figures
2026-05-29 12:22:44,683 | INFO | train | Logs saved to artifacts/unet_positive_tversky/logs
